<?xml version="1.0" encoding="UTF-8"?>
<testng-results skipped="0" failed="0" total="1" passed="1">
  <reporter-output>
  </reporter-output>
  <suite name="Default suite" duration-ms="11523" started-at="2017-02-28T08:07:44Z" finished-at="2017-02-28T08:07:55Z">
    <groups>
    </groups>
    <test name="Default test" duration-ms="11523" started-at="2017-02-28T08:07:44Z" finished-at="2017-02-28T08:07:55Z">
      <class name="jmeterjunit.ImgDiffPercent">
        <test-method status="PASS" signature="testODBC()[pri:0, instance:jmeterjunit.ImgDiffPercent@ef9296d]" name="testODBC" duration-ms="11496" started-at="2017-02-28T16:07:44Z" finished-at="2017-02-28T16:07:55Z">
          <reporter-output>
          </reporter-output>
        </test-method> <!-- testODBC -->
      </class> <!-- jmeterjunit.ImgDiffPercent -->
    </test> <!-- Default test -->
  </suite> <!-- Default suite -->
</testng-results>
