<?xml version="1.0" encoding="UTF-8"?>
<testng-results skipped="0" failed="0" total="1" passed="1">
  <reporter-output>
  </reporter-output>
  <suite name="Default suite" duration-ms="4548" started-at="2017-02-11T11:37:07Z" finished-at="2017-02-11T11:37:12Z">
    <groups>
    </groups>
    <test name="Default test" duration-ms="4548" started-at="2017-02-11T11:37:07Z" finished-at="2017-02-11T11:37:12Z">
      <class name="kpe.se.wordpress.tests.PractiseTests">
        <test-method status="PASS" signature="jmeterTests()[pri:0, instance:kpe.se.wordpress.tests.PractiseTests@59d016c9]" name="jmeterTests" duration-ms="4529" started-at="2017-02-11T19:37:07Z" finished-at="2017-02-11T19:37:11Z">
          <reporter-output>
          </reporter-output>
        </test-method> <!-- jmeterTests -->
      </class> <!-- kpe.se.wordpress.tests.PractiseTests -->
    </test> <!-- Default test -->
  </suite> <!-- Default suite -->
</testng-results>
